WARNING:discord.client:PyNaCl is not installed, voice will NOT be supported
INFO:discord.client:logging in using static token
INFO:discord.gateway:Shard ID None has sent the IDENTIFY payload.
INFO:discord.gateway:Shard ID None has connected to Gateway: ["gateway-prd-main-wb85",{"micros":92777,"calls":["discord-sessions-prd-2-85",{"micros":85555,"calls":["start_session",{"micros":78486,"calls":["api-prd-main-q91m",{"micros":74073,"calls":["get_user",{"micros":2982},"add_authorized_ip",{"micros":1737},"get_guilds",{"micros":8660},"coros_wait",{"micros":2}]}]},"guilds_connect",{"micros":1,"calls":[]},"presence_connect",{"micros":1388,"calls":[]}]}]}] (Session ID: f720abc5094968c4500af7ec31902c6d).
INFO:root:autoNice setting successfully added
WARNING:discord.client:PyNaCl is not installed, voice will NOT be supported
INFO:discord.client:logging in using static token
INFO:discord.gateway:Shard ID None has sent the IDENTIFY payload.
INFO:discord.gateway:Shard ID None has connected to Gateway: ["gateway-prd-main-dq11",{"micros":101791,"calls":["discord-sessions-prd-2-106",{"micros":99985,"calls":["start_session",{"micros":50783,"calls":["api-prd-main-n6p1",{"micros":46455,"calls":["get_user",{"micros":4523},"add_authorized_ip",{"micros":1814},"get_guilds",{"micros":10112},"coros_wait",{"micros":1}]}]},"guilds_connect",{"micros":1,"calls":[]},"presence_connect",{"micros":27181,"calls":[]}]}]}] (Session ID: 0bbbdc923fd28388baf48aa7059c1f1b).
INFO:root:autoNice setting successfully added
WARNING:discord.client:PyNaCl is not installed, voice will NOT be supported
INFO:discord.client:logging in using static token
INFO:discord.gateway:Shard ID None has sent the IDENTIFY payload.
INFO:discord.gateway:Shard ID None session has been invalidated.
INFO:discord.client:Got a request to IDENTIFY the websocket.
INFO:discord.gateway:Shard ID None has sent the IDENTIFY payload.
INFO:discord.gateway:Shard ID None has connected to Gateway: ["gateway-prd-main-dq11",{"micros":92031,"calls":["discord-sessions-prd-2-29",{"micros":90718,"calls":["start_session",{"micros":56153,"calls":["api-prd-main-94t7",{"micros":52543,"calls":["get_user",{"micros":4020},"add_authorized_ip",{"micros":3576},"get_guilds",{"micros":4625},"coros_wait",{"micros":2}]}]},"guilds_connect",{"micros":2,"calls":[]},"presence_connect",{"micros":19695,"calls":[]}]}]}] (Session ID: af526b5847a19c0272e5a489206001f6).
INFO:root:niceList successfully shown
INFO:root:autoNice setting successfully added
WARNING:discord.client:PyNaCl is not installed, voice will NOT be supported
INFO:discord.client:logging in using static token
INFO:discord.gateway:Shard ID None has sent the IDENTIFY payload.
INFO:discord.gateway:Shard ID None has connected to Gateway: ["gateway-prd-main-kmjx",{"micros":96785,"calls":["discord-sessions-prd-2-39",{"micros":95720,"calls":["start_session",{"micros":45699,"calls":["api-prd-main-swsk",{"micros":42910,"calls":["get_user",{"micros":3060},"add_authorized_ip",{"micros":1522},"get_guilds",{"micros":10241},"coros_wait",{"micros":1}]}]},"guilds_connect",{"micros":2,"calls":[]},"presence_connect",{"micros":17311,"calls":[]}]}]}] (Session ID: 6e1630bf3c8a1a2d8cabb6ba3c7fe811).
INFO:root:autoNice setting successfully added
WARNING:discord.client:PyNaCl is not installed, voice will NOT be supported
INFO:discord.client:logging in using static token
INFO:discord.gateway:Shard ID None has sent the IDENTIFY payload.
INFO:discord.gateway:Shard ID None has connected to Gateway: ["gateway-prd-main-wrgj",{"micros":114602,"calls":["discord-sessions-prd-2-60",{"micros":112165,"calls":["start_session",{"micros":58607,"calls":["api-prd-main-d2ff",{"micros":53529,"calls":["get_user",{"micros":9704},"add_authorized_ip",{"micros":2837},"get_guilds",{"micros":7885},"coros_wait",{"micros":1}]}]},"guilds_connect",{"micros":1,"calls":[]},"presence_connect",{"micros":42387,"calls":[]}]}]}] (Session ID: 302594f7f9767ad8d39fdd6e6cc1b97f).
ERROR:root:manual nice not sent
INFO:root:niceList successfully shown
INFO:root:autoNice setting successfully added
WARNING:discord.client:PyNaCl is not installed, voice will NOT be supported
INFO:discord.client:logging in using static token
INFO:discord.gateway:Shard ID None has sent the IDENTIFY payload.
INFO:discord.gateway:Shard ID None has connected to Gateway: ["gateway-prd-main-ll50",{"micros":86352,"calls":["discord-sessions-prd-2-23",{"micros":85151,"calls":["start_session",{"micros":36929,"calls":["api-prd-main-x5nl",{"micros":34287,"calls":["get_user",{"micros":2587},"add_authorized_ip",{"micros":1635},"get_guilds",{"micros":6156},"coros_wait",{"micros":1}]}]},"guilds_connect",{"micros":2,"calls":[]},"presence_connect",{"micros":24448,"calls":[]}]}]}] (Session ID: 048b981eb174382ffb7c96930cd86454).
INFO:root:autoNice setting successfully added
WARNING:discord.client:PyNaCl is not installed, voice will NOT be supported
INFO:discord.client:logging in using static token
INFO:discord.gateway:Shard ID None has sent the IDENTIFY payload.
INFO:discord.gateway:Shard ID None has connected to Gateway: ["gateway-prd-main-845l",{"micros":92425,"calls":["discord-sessions-prd-2-129",{"micros":84901,"calls":["start_session",{"micros":63842,"calls":["api-prd-main-fvlt",{"micros":60504,"calls":["get_user",{"micros":3476},"add_authorized_ip",{"micros":11021},"get_guilds",{"micros":4799},"coros_wait",{"micros":1}]}]},"guilds_connect",{"micros":2,"calls":[]},"presence_connect",{"micros":20220,"calls":[]}]}]}] (Session ID: aac3882a69ddded5b5aee03269f99236).
INFO:root:niceList successfully shown
INFO:root:autoNice setting successfully added
WARNING:discord.client:PyNaCl is not installed, voice will NOT be supported
INFO:discord.client:logging in using static token
INFO:discord.gateway:Shard ID None has sent the IDENTIFY payload.
INFO:discord.gateway:Shard ID None has connected to Gateway: ["gateway-prd-main-rhhv",{"micros":40005,"calls":["discord-sessions-prd-2-47",{"micros":38111,"calls":["start_session",{"micros":31176,"calls":["api-prd-main-gc2n",{"micros":28782,"calls":["get_user",{"micros":2463},"add_authorized_ip",{"micros":1436},"get_guilds",{"micros":3834},"coros_wait",{"micros":1}]}]},"guilds_connect",{"micros":2,"calls":[]},"presence_connect",{"micros":4687,"calls":[]}]}]}] (Session ID: 5c73d431c2e92247f95d488d9522f246).
INFO:root:autoNice setting successfully added
WARNING:discord.client:PyNaCl is not installed, voice will NOT be supported
INFO:discord.client:logging in using static token
INFO:discord.gateway:Shard ID None has sent the IDENTIFY payload.
INFO:discord.gateway:Shard ID None has connected to Gateway: ["gateway-prd-main-r5zd",{"micros":122671,"calls":["discord-sessions-prd-2-7",{"micros":121051,"calls":["start_session",{"micros":86994,"calls":["api-prd-main-k5js",{"micros":84374,"calls":["get_user",{"micros":4772},"add_authorized_ip",{"micros":1258},"get_guilds",{"micros":47834},"coros_wait",{"micros":1}]}]},"guilds_connect",{"micros":1,"calls":[]},"presence_connect",{"micros":21948,"calls":[]}]}]}] (Session ID: 865268a17fd6c6bedd64a0d533005800).
INFO:root:autoNice setting successfully added
WARNING:discord.client:PyNaCl is not installed, voice will NOT be supported
INFO:discord.client:logging in using static token
INFO:discord.gateway:Shard ID None has sent the IDENTIFY payload.
INFO:discord.gateway:Shard ID None session has been invalidated.
INFO:discord.client:Got a request to IDENTIFY the websocket.
INFO:discord.gateway:Shard ID None has sent the IDENTIFY payload.
INFO:discord.gateway:Shard ID None has connected to Gateway: ["gateway-prd-main-w599",{"micros":83015,"calls":["discord-sessions-prd-2-44",{"micros":80368,"calls":["start_session",{"micros":49997,"calls":["api-prd-main-724l",{"micros":47341,"calls":["get_user",{"micros":4757},"add_authorized_ip",{"micros":3905},"get_guilds",{"micros":8849},"coros_wait",{"micros":1}]}]},"guilds_connect",{"micros":1,"calls":[]},"presence_connect",{"micros":3163,"calls":[]}]}]}] (Session ID: de1d834b49ce134d111ffd2c9de6213e).
WARNING:root:autoNice setting already exists
INFO:root:autoNice setting successfully added
WARNING:discord.client:PyNaCl is not installed, voice will NOT be supported
INFO:discord.client:logging in using static token
INFO:discord.gateway:Shard ID None has sent the IDENTIFY payload.
INFO:discord.gateway:Shard ID None has connected to Gateway: ["gateway-prd-main-79mr",{"micros":65129,"calls":["discord-sessions-prd-2-114",{"micros":62594,"calls":["start_session",{"micros":29886,"calls":["api-prd-main-8sw3",{"micros":27243,"calls":["get_user",{"micros":1864},"add_authorized_ip",{"micros":1343},"get_guilds",{"micros":5473},"coros_wait",{"micros":2}]}]},"guilds_connect",{"micros":2,"calls":[]},"presence_connect",{"micros":16652,"calls":[]}]}]}] (Session ID: c3095216a2f06c377bcec553137b6896).
INFO:root:autoNice setting successfully added
WARNING:discord.client:PyNaCl is not installed, voice will NOT be supported
INFO:discord.client:logging in using static token
INFO:discord.gateway:Shard ID None has sent the IDENTIFY payload.
INFO:discord.gateway:Shard ID None has connected to Gateway: ["gateway-prd-main-pck2",{"micros":161142,"calls":["discord-sessions-prd-2-123",{"micros":159463,"calls":["start_session",{"micros":99393,"calls":["api-prd-main-r1j5",{"micros":96970,"calls":["get_user",{"micros":2015},"add_authorized_ip",{"micros":1434},"get_guilds",{"micros":14386},"coros_wait",{"micros":0}]}]},"guilds_connect",{"micros":2,"calls":[]},"presence_connect",{"micros":44519,"calls":[]}]}]}] (Session ID: 065b991c81f872e0b6caed257c3ba740).
INFO:root:autoNice setting successfully added
WARNING:discord.client:PyNaCl is not installed, voice will NOT be supported
INFO:discord.client:logging in using static token
INFO:discord.gateway:Shard ID None has sent the IDENTIFY payload.
INFO:discord.gateway:Shard ID None has connected to Gateway: ["gateway-prd-main-n01x",{"micros":44157,"calls":["discord-sessions-prd-2-8",{"micros":39570,"calls":["start_session",{"micros":31117,"calls":["api-prd-main-czkc",{"micros":28243,"calls":["get_user",{"micros":2680},"add_authorized_ip",{"micros":1373},"get_guilds",{"micros":4866},"coros_wait",{"micros":0}]}]},"guilds_connect",{"micros":2,"calls":[]},"presence_connect",{"micros":5113,"calls":[]}]}]}] (Session ID: 25fb4d070124270b954a944df83ba79d).
INFO:root:autoNice setting successfully added
WARNING:discord.client:PyNaCl is not installed, voice will NOT be supported
INFO:discord.client:logging in using static token
INFO:discord.gateway:Shard ID None has sent the IDENTIFY payload.
INFO:discord.gateway:Shard ID None has connected to Gateway: ["gateway-prd-main-f2tk",{"micros":111451,"calls":["discord-sessions-prd-2-113",{"micros":108850,"calls":["start_session",{"micros":60248,"calls":["api-prd-main-l942",{"micros":57191,"calls":["get_user",{"micros":3879},"add_authorized_ip",{"micros":7270},"get_guilds",{"micros":8175},"coros_wait",{"micros":1}]}]},"guilds_connect",{"micros":1,"calls":[]},"presence_connect",{"micros":22786,"calls":[]}]}]}] (Session ID: 259af8ef3ce17b3fa8fdd97f40e43feb).
INFO:root:niceList successfully shown
INFO:root:SquidFish.#2762 sent autoNice to Oliver Sloth#6969
INFO:root:SquidFish.#2762 sent autoNice to Spi#9740
INFO:root:niceList successfully shown
INFO:root:SquidFish.#2762 sent autoNice to Oliver Sloth#6969
WARNING:discord.client:PyNaCl is not installed, voice will NOT be supported
INFO:discord.client:logging in using static token
INFO:discord.gateway:Shard ID None has sent the IDENTIFY payload.
INFO:discord.gateway:Shard ID None has connected to Gateway: ["gateway-prd-main-7hrx",{"micros":2074776,"calls":["discord-sessions-prd-2-74",{"micros":2072773,"calls":["start_session",{"micros":2053718,"calls":["api-prd-main-3kw1",{"micros":2046946,"calls":["get_user",{"micros":7695},"add_authorized_ip",{"micros":1927},"get_guilds",{"micros":2009825},"coros_wait",{"micros":0}]}]},"guilds_connect",{"micros":1,"calls":[]},"presence_connect",{"micros":12965,"calls":[]}]}]}] (Session ID: 1aec83fbaf0e1a88c426c4aa620323e2).
INFO:discord.client:Got a request to RESUME the websocket.
INFO:discord.gateway:Shard ID None has sent the RESUME payload.
INFO:discord.gateway:Shard ID None has successfully RESUMED session 1aec83fbaf0e1a88c426c4aa620323e2 under trace ["gateway-prd-main-87qv",{"micros":671,"calls":["discord-sessions-prd-2-74",{"micros":19}]}].
WARNING:discord.client:PyNaCl is not installed, voice will NOT be supported
INFO:discord.client:logging in using static token
INFO:discord.gateway:Shard ID None has sent the IDENTIFY payload.
INFO:discord.gateway:Shard ID None has connected to Gateway: ["gateway-prd-main-1075",{"micros":148331,"calls":["discord-sessions-prd-2-29",{"micros":144124,"calls":["start_session",{"micros":121696,"calls":["api-prd-main-mvb2",{"micros":109664,"calls":["get_user",{"micros":10443},"add_authorized_ip",{"micros":8397},"get_guilds",{"micros":19606},"coros_wait",{"micros":2}]}]},"guilds_connect",{"micros":2,"calls":[]},"presence_connect",{"micros":4473,"calls":[]}]}]}] (Session ID: 0a09210439512694e2d66a8c8ea89a1c).
INFO:root:autoNice setting successfully added
WARNING:discord.client:PyNaCl is not installed, voice will NOT be supported
INFO:discord.client:logging in using static token
INFO:discord.gateway:Shard ID None has sent the IDENTIFY payload.
INFO:discord.gateway:Shard ID None has connected to Gateway: ["gateway-prd-main-7hrx",{"micros":110722,"calls":["discord-sessions-prd-2-87",{"micros":106902,"calls":["start_session",{"micros":95497,"calls":["api-prd-main-xhkv",{"micros":90193,"calls":["get_user",{"micros":9451},"add_authorized_ip",{"micros":3965},"get_guilds",{"micros":14735},"coros_wait",{"micros":1}]}]},"guilds_connect",{"micros":1,"calls":[]},"presence_connect",{"micros":6143,"calls":[]}]}]}] (Session ID: fbbb6d5a88b72e6fd2661416b6fcd9c1).
INFO:root:autoNice setting successfully added
WARNING:discord.client:PyNaCl is not installed, voice will NOT be supported
INFO:discord.client:logging in using static token
INFO:discord.gateway:Shard ID None has sent the IDENTIFY payload.
INFO:discord.gateway:Shard ID None has connected to Gateway: ["gateway-prd-main-dq11",{"micros":129894,"calls":["discord-sessions-prd-2-38",{"micros":128374,"calls":["start_session",{"micros":103078,"calls":["api-prd-main-98jv",{"micros":91603,"calls":["get_user",{"micros":3644},"add_authorized_ip",{"micros":8377},"get_guilds",{"micros":11495},"coros_wait",{"micros":0}]}]},"guilds_connect",{"micros":1,"calls":[]},"presence_connect",{"micros":20272,"calls":[]}]}]}] (Session ID: a8205c49c33b5aea8f4b5df41156748d).
INFO:root:autoNice setting successfully added
WARNING:discord.client:PyNaCl is not installed, voice will NOT be supported
INFO:discord.client:logging in using static token
INFO:discord.gateway:Shard ID None has sent the IDENTIFY payload.
INFO:discord.gateway:Shard ID None has connected to Gateway: ["gateway-prd-main-mfdt",{"micros":241984,"calls":["discord-sessions-prd-2-74",{"micros":240035,"calls":["start_session",{"micros":232838,"calls":["api-prd-main-lh5z",{"micros":228459,"calls":["get_user",{"micros":32086},"add_authorized_ip",{"micros":17192},"get_guilds",{"micros":42465},"coros_wait",{"micros":1}]}]},"guilds_connect",{"micros":2,"calls":[]},"presence_connect",{"micros":3589,"calls":[]}]}]}] (Session ID: 44ea33b1bbca872081f3291671bb9f09).
INFO:root:autoNice setting successfully added
WARNING:discord.client:PyNaCl is not installed, voice will NOT be supported
INFO:discord.client:logging in using static token
INFO:discord.gateway:Shard ID None has sent the IDENTIFY payload.
INFO:discord.gateway:Shard ID None has connected to Gateway: ["gateway-prd-main-dtl0",{"micros":153759,"calls":["discord-sessions-prd-2-112",{"micros":151922,"calls":["start_session",{"micros":123625,"calls":["api-prd-main-r1j5",{"micros":117608,"calls":["get_user",{"micros":14159},"add_authorized_ip",{"micros":5220},"get_guilds",{"micros":16826},"coros_wait",{"micros":0}]}]},"guilds_connect",{"micros":1,"calls":[]},"presence_connect",{"micros":13232,"calls":[]}]}]}] (Session ID: a286c448f9416cc6eca20fd6c2579e1e).
INFO:root:autoNice setting successfully added
WARNING:discord.client:PyNaCl is not installed, voice will NOT be supported
INFO:discord.client:logging in using static token
INFO:discord.gateway:Shard ID None has sent the IDENTIFY payload.
INFO:discord.gateway:Shard ID None has connected to Gateway: ["gateway-prd-main-7hm7",{"micros":205869,"calls":["discord-sessions-prd-2-141",{"micros":203927,"calls":["start_session",{"micros":183256,"calls":["api-prd-main-qcfh",{"micros":173953,"calls":["get_user",{"micros":18780},"add_authorized_ip",{"micros":13971},"get_guilds",{"micros":28476},"coros_wait",{"micros":2}]}]},"guilds_connect",{"micros":2,"calls":[]},"presence_connect",{"micros":0,"calls":[]}]}]}] (Session ID: e00c7e0079f8ecf041cb098ae641b4ef).
INFO:root:autoNice setting successfully added
WARNING:discord.client:PyNaCl is not installed, voice will NOT be supported
INFO:discord.client:logging in using static token
INFO:discord.gateway:Shard ID None has sent the IDENTIFY payload.
INFO:discord.gateway:Shard ID None has connected to Gateway: ["gateway-prd-main-f2fj",{"micros":115523,"calls":["discord-sessions-prd-2-109",{"micros":114288,"calls":["start_session",{"micros":97662,"calls":["api-prd-main-5827",{"micros":89647,"calls":["get_user",{"micros":4914},"add_authorized_ip",{"micros":5241},"get_guilds",{"micros":20029},"coros_wait",{"micros":0}]}]},"guilds_connect",{"micros":2,"calls":[]},"presence_connect",{"micros":7893,"calls":[]}]}]}] (Session ID: aaa0d5ce5d1a9381cbd1a6d53b073178).
INFO:root:autoNice setting successfully added
WARNING:discord.client:PyNaCl is not installed, voice will NOT be supported
INFO:discord.client:logging in using static token
INFO:discord.gateway:Shard ID None has sent the IDENTIFY payload.
INFO:discord.gateway:Shard ID None has connected to Gateway: ["gateway-prd-main-zh6z",{"micros":148519,"calls":["discord-sessions-prd-2-2",{"micros":145016,"calls":["start_session",{"micros":135032,"calls":["api-prd-main-510m",{"micros":130932,"calls":["get_user",{"micros":6547},"add_authorized_ip",{"micros":6486},"get_guilds",{"micros":36283},"coros_wait",{"micros":0}]}]},"guilds_connect",{"micros":2,"calls":[]},"presence_connect",{"micros":1,"calls":[]}]}]}] (Session ID: 6e3bfe36f32363fa03319895b2fd203e).
INFO:root:niceList successfully shown
INFO:root:SquidFish.#2762 sent autoNice to Spi#9740
INFO:root:SquidFish.#2762 sent autoNice to Oliver Sloth#6969
INFO:root:SquidFish.#2762 sent autoNice to matt.#0082
INFO:discord.client:Got a request to RESUME the websocket.
INFO:discord.gateway:Shard ID None has sent the RESUME payload.
INFO:discord.gateway:Shard ID None has successfully RESUMED session 6e3bfe36f32363fa03319895b2fd203e under trace ["gateway-prd-main-h9xh",{"micros":868,"calls":["discord-sessions-prd-2-2",{"micros":14}]}].
INFO:discord.client:Got a request to RESUME the websocket.
INFO:discord.gateway:Shard ID None has sent the RESUME payload.
INFO:discord.gateway:Shard ID None has successfully RESUMED session 6e3bfe36f32363fa03319895b2fd203e under trace ["gateway-prd-main-nx51",{"micros":1753,"calls":["discord-sessions-prd-2-2",{"micros":16}]}].
INFO:discord.client:Got a request to RESUME the websocket.
INFO:discord.gateway:Shard ID None has sent the RESUME payload.
INFO:discord.gateway:Shard ID None has successfully RESUMED session 6e3bfe36f32363fa03319895b2fd203e under trace ["gateway-prd-main-nx51",{"micros":1115,"calls":["discord-sessions-prd-2-2",{"micros":14}]}].
INFO:root:niceList successfully shown
INFO:discord.client:Got a request to RESUME the websocket.
INFO:discord.gateway:Shard ID None has sent the RESUME payload.
INFO:discord.gateway:Shard ID None has successfully RESUMED session 6e3bfe36f32363fa03319895b2fd203e under trace ["gateway-prd-main-j32l",{"micros":5266,"calls":["discord-sessions-prd-2-2",{"micros":16}]}].
INFO:root:SquidFish.#2762 sent autoNice to Spi#9740
WARNING:discord.gateway:Shard ID None has stopped responding to the gateway. Closing and restarting.
INFO:discord.gateway:Timed out receiving packet. Attempting a reconnect.
INFO:discord.client:Got a request to RESUME the websocket.
INFO:discord.gateway:Shard ID None has sent the RESUME payload.
INFO:discord.gateway:Shard ID None session has been invalidated.
INFO:discord.client:Got a request to IDENTIFY the websocket.
INFO:discord.gateway:Shard ID None has sent the IDENTIFY payload.
INFO:discord.gateway:Shard ID None has connected to Gateway: ["gateway-prd-main-dl7c",{"micros":69384,"calls":["discord-sessions-prd-2-10",{"micros":67299,"calls":["start_session",{"micros":52838,"calls":["api-prd-main-w90q",{"micros":48098,"calls":["get_user",{"micros":4074},"add_authorized_ip",{"micros":5146},"get_guilds",{"micros":7759},"coros_wait",{"micros":1}]}]},"guilds_connect",{"micros":2,"calls":[]},"presence_connect",{"micros":0,"calls":[]}]}]}] (Session ID: 778b6ec22f5a1ddb1473b687731f7f1d).
WARNING:discord.gateway:Shard ID None has stopped responding to the gateway. Closing and restarting.
INFO:discord.gateway:Timed out receiving packet. Attempting a reconnect.
INFO:discord.client:Got a request to RESUME the websocket.
INFO:discord.gateway:Shard ID None has sent the RESUME payload.
INFO:discord.gateway:Shard ID None session has been invalidated.
INFO:discord.client:Got a request to IDENTIFY the websocket.
INFO:root:SquidFish.#2762 sent autoNice to Oliver Sloth#6969
INFO:root:SquidFish.#2762 sent autoNice to Oliver Sloth#6969
INFO:root:SquidFish.#2762 sent autoNice to matt.#0082
INFO:root:SquidFish.#2762 sent autoNice to matt.#0082
INFO:discord.gateway:Shard ID None has sent the IDENTIFY payload.
INFO:discord.gateway:Shard ID None has connected to Gateway: ["gateway-prd-main-vmwd",{"micros":56028,"calls":["discord-sessions-prd-2-34",{"micros":54488,"calls":["start_session",{"micros":30643,"calls":["api-prd-main-57rv",{"micros":28249,"calls":["get_user",{"micros":5892},"add_authorized_ip",{"micros":1614},"get_guilds",{"micros":4233},"coros_wait",{"micros":1}]}]},"guilds_connect",{"micros":2,"calls":[]},"presence_connect",{"micros":0,"calls":[]}]}]}] (Session ID: 18e7fb182c10a046a6ed7f61bd07b591).
INFO:root:niceList successfully shown
INFO:discord.client:Received signal to terminate bot and event loop.
INFO:discord.client:Cleaning up tasks.
INFO:discord.client:Cleaning up after 4 tasks.
INFO:discord.client:All tasks finished cancelling.
INFO:discord.client:Closing the event loop.
INFO:root:bot startup
WARNING:discord.client:PyNaCl is not installed, voice will NOT be supported
INFO:discord.client:logging in using static token
INFO:discord.gateway:Shard ID None has sent the IDENTIFY payload.
INFO:discord.gateway:Shard ID None has connected to Gateway: ["gateway-prd-main-km2g",{"micros":126574,"calls":["discord-sessions-prd-2-149",{"micros":125637,"calls":["start_session",{"micros":78589,"calls":["api-prd-main-19c8",{"micros":75719,"calls":["get_user",{"micros":8803},"add_authorized_ip",{"micros":5403},"get_guilds",{"micros":20894},"coros_wait",{"micros":1}]}]},"guilds_connect",{"micros":1,"calls":[]},"presence_connect",{"micros":38289,"calls":[]}]}]}] (Session ID: 4477195d342c308e30a0b441d5d520ce).
INFO:root:SquidFish.#2762 sent autoNice to Oliver Sloth#6969
INFO:root:SquidFish.#2762 sent autoNice to matt.#0082
INFO:root:SquidFish.#2762 sent autoNice to Spi#9740
WARNING:discord.gateway:Shard ID None has stopped responding to the gateway. Closing and restarting.
INFO:discord.gateway:Timed out receiving packet. Attempting a reconnect.
INFO:discord.client:Got a request to RESUME the websocket.
INFO:discord.gateway:Shard ID None has sent the RESUME payload.
INFO:discord.gateway:Shard ID None session has been invalidated.
INFO:discord.client:Got a request to IDENTIFY the websocket.
INFO:discord.gateway:Shard ID None has sent the IDENTIFY payload.
INFO:discord.gateway:Shard ID None has connected to Gateway: ["gateway-prd-main-6gdc",{"micros":145503,"calls":["discord-sessions-prd-2-133",{"micros":140175,"calls":["start_session",{"micros":110231,"calls":["api-prd-main-4094",{"micros":103400,"calls":["get_user",{"micros":6348},"add_authorized_ip",{"micros":2596},"get_guilds",{"micros":45691},"coros_wait",{"micros":0}]}]},"guilds_connect",{"micros":2,"calls":[]},"presence_connect",{"micros":20673,"calls":[]}]}]}] (Session ID: e26a3e0daafb4904685c70462640447a).
INFO:root:SquidFish.#2762 sent autoNice to Oliver Sloth#6969
INFO:root:SquidFish.#2762 sent autoNice to matt.#0082
INFO:root:SquidFish.#2762 sent autoNice to Spi#9740
INFO:root:SquidFish.#2762 sent autoNice to Oliver Sloth#6969
INFO:discord.client:Received signal to terminate bot and event loop.
INFO:discord.client:Cleaning up tasks.
INFO:discord.client:Cleaning up after 3 tasks.
INFO:discord.client:All tasks finished cancelling.
INFO:discord.client:Closing the event loop.
INFO:root:bot startup
WARNING:discord.client:PyNaCl is not installed, voice will NOT be supported
INFO:discord.client:logging in using static token
INFO:discord.gateway:Shard ID None has sent the IDENTIFY payload.
INFO:discord.gateway:Shard ID None has connected to Gateway: ["gateway-prd-main-f05v",{"micros":108342,"calls":["discord-sessions-prd-2-82",{"micros":106548,"calls":["start_session",{"micros":55226,"calls":["api-prd-main-1f5r",{"micros":52373,"calls":["get_user",{"micros":5363},"add_authorized_ip",{"micros":10369},"get_guilds",{"micros":10005},"coros_wait",{"micros":1}]}]},"guilds_connect",{"micros":1,"calls":[]},"presence_connect",{"micros":28164,"calls":[]}]}]}] (Session ID: c58106bb9ddd1ae9589a304924234aef).
INFO:root:niceList successfully shown
WARNING:discord.client:PyNaCl is not installed, voice will NOT be supported
INFO:discord.client:logging in using static token
INFO:discord.gateway:Shard ID None has sent the IDENTIFY payload.
INFO:discord.gateway:Shard ID None has connected to Gateway: ["gateway-prd-main-mpcj",{"micros":144534,"calls":["discord-sessions-prd-2-73",{"micros":143097,"calls":["start_session",{"micros":132489,"calls":["api-prd-main-8t3l",{"micros":128525,"calls":["get_user",{"micros":13090},"add_authorized_ip",{"micros":4803},"get_guilds",{"micros":24526},"coros_wait",{"micros":1}]}]},"guilds_connect",{"micros":2,"calls":[]},"presence_connect",{"micros":8730,"calls":[]}]}]}] (Session ID: f563538ef3a8978acbec936d86d02e5e).
INFO:root:niceList successfully shown
INFO:root:removed nice setting
WARNING:discord.client:PyNaCl is not installed, voice will NOT be supported
INFO:discord.client:logging in using static token
INFO:discord.gateway:Shard ID None has sent the IDENTIFY payload.
INFO:discord.gateway:Shard ID None has connected to Gateway: ["gateway-prd-main-jvn8",{"micros":46190,"calls":["discord-sessions-prd-2-123",{"micros":43926,"calls":["start_session",{"micros":32570,"calls":["api-prd-main-7j4l",{"micros":30012,"calls":["get_user",{"micros":2075},"add_authorized_ip",{"micros":1434},"get_guilds",{"micros":4989},"coros_wait",{"micros":1}]}]},"guilds_connect",{"micros":2,"calls":[]},"presence_connect",{"micros":0,"calls":[]}]}]}] (Session ID: 218d9a6badff4f519f68af56b7ae0b4a).
INFO:root:niceList successfully shown
INFO:root:removed nice setting
WARNING:discord.client:PyNaCl is not installed, voice will NOT be supported
INFO:discord.client:logging in using static token
INFO:discord.gateway:Shard ID None has sent the IDENTIFY payload.
INFO:discord.gateway:Shard ID None has connected to Gateway: ["gateway-prd-main-9850",{"micros":84761,"calls":["discord-sessions-prd-2-126",{"micros":82713,"calls":["start_session",{"micros":71811,"calls":["api-prd-main-m455",{"micros":65970,"calls":["get_user",{"micros":7375},"add_authorized_ip",{"micros":4163},"get_guilds",{"micros":9795},"coros_wait",{"micros":1}]}]},"guilds_connect",{"micros":2,"calls":[]},"presence_connect",{"micros":4012,"calls":[]}]}]}] (Session ID: a6e3523b89d9c6762f94f4e1f17d6e1e).
INFO:root:niceList successfully shown
INFO:root:removed nice setting
WARNING:discord.client:PyNaCl is not installed, voice will NOT be supported
INFO:discord.client:logging in using static token
INFO:discord.gateway:Shard ID None has sent the IDENTIFY payload.
INFO:discord.gateway:Shard ID None has connected to Gateway: ["gateway-prd-main-7hm7",{"micros":77014,"calls":["discord-sessions-prd-2-91",{"micros":74462,"calls":["start_session",{"micros":57707,"calls":["api-prd-main-j03k",{"micros":55083,"calls":["get_user",{"micros":5407},"add_authorized_ip",{"micros":2584},"get_guilds",{"micros":8252},"coros_wait",{"micros":0}]}]},"guilds_connect",{"micros":2,"calls":[]},"presence_connect",{"micros":9643,"calls":[]}]}]}] (Session ID: 2ef47e833b11e43f7ea0c514c96fa69b).
INFO:root:niceList successfully shown
INFO:root:removed nice setting
WARNING:discord.client:PyNaCl is not installed, voice will NOT be supported
INFO:discord.client:logging in using static token
INFO:discord.gateway:Shard ID None has sent the IDENTIFY payload.
INFO:discord.gateway:Shard ID None has connected to Gateway: ["gateway-prd-main-kk2f",{"micros":80714,"calls":["discord-sessions-prd-2-84",{"micros":78392,"calls":["start_session",{"micros":55020,"calls":["api-prd-main-x15x",{"micros":52439,"calls":["get_user",{"micros":2408},"add_authorized_ip",{"micros":1561},"get_guilds",{"micros":5111},"coros_wait",{"micros":1}]}]},"guilds_connect",{"micros":1,"calls":[]},"presence_connect",{"micros":21949,"calls":[]}]}]}] (Session ID: b720fd1e6d64741454e79b03d468f6f5).
INFO:root:niceList successfully shown
INFO:root:removed nice setting
WARNING:discord.client:PyNaCl is not installed, voice will NOT be supported
INFO:discord.client:logging in using static token
INFO:discord.gateway:Shard ID None has sent the IDENTIFY payload.
INFO:discord.gateway:Shard ID None has connected to Gateway: ["gateway-prd-main-qsms",{"micros":145453,"calls":["discord-sessions-prd-2-129",{"micros":140095,"calls":["start_session",{"micros":82661,"calls":["api-prd-main-1r0k",{"micros":78863,"calls":["get_user",{"micros":15134},"add_authorized_ip",{"micros":2511},"get_guilds",{"micros":8913},"coros_wait",{"micros":0}]}]},"guilds_connect",{"micros":2,"calls":[]},"presence_connect",{"micros":47490,"calls":[]}]}]}] (Session ID: 34e050987c7fe35a98dd43843b6b4c7c).
INFO:root:niceList successfully shown
INFO:root:removed nice setting
WARNING:discord.client:PyNaCl is not installed, voice will NOT be supported
INFO:discord.client:logging in using static token
INFO:discord.gateway:Shard ID None has sent the IDENTIFY payload.
INFO:discord.gateway:Shard ID None has connected to Gateway: ["gateway-prd-main-pkw7",{"micros":68314,"calls":["discord-sessions-prd-2-6",{"micros":64664,"calls":["start_session",{"micros":30444,"calls":["api-prd-main-q4h8",{"micros":27568,"calls":["get_user",{"micros":2818},"add_authorized_ip",{"micros":1409},"get_guilds",{"micros":4780},"coros_wait",{"micros":1}]}]},"guilds_connect",{"micros":1,"calls":[]},"presence_connect",{"micros":27500,"calls":[]}]}]}] (Session ID: c7f71ceef653ae9c9ee8608f5a27e861).
INFO:root:niceList successfully shown
INFO:root:removed nice setting
WARNING:discord.client:PyNaCl is not installed, voice will NOT be supported
INFO:discord.client:logging in using static token
INFO:discord.gateway:Shard ID None has sent the IDENTIFY payload.
INFO:discord.gateway:Shard ID None has connected to Gateway: ["gateway-prd-main-c00x",{"micros":107280,"calls":["discord-sessions-prd-2-132",{"micros":105456,"calls":["start_session",{"micros":76648,"calls":["api-prd-main-dn2r",{"micros":73822,"calls":["get_user",{"micros":9893},"add_authorized_ip",{"micros":8236},"get_guilds",{"micros":8081},"coros_wait",{"micros":0}]}]},"guilds_connect",{"micros":2,"calls":[]},"presence_connect",{"micros":19510,"calls":[]}]}]}] (Session ID: 705daa5861dacdf2f0f00db125f8bcec).
INFO:root:niceList successfully shown
INFO:root:manual nice sent
INFO:root:manual nice sent
INFO:discord.client:Received signal to terminate bot and event loop.
INFO:discord.client:Cleaning up tasks.
INFO:discord.client:Cleaning up after 2 tasks.
INFO:discord.client:All tasks finished cancelling.
INFO:discord.client:Closing the event loop.
INFO:root:bot startup
WARNING:discord.client:PyNaCl is not installed, voice will NOT be supported
INFO:discord.client:logging in using static token
INFO:discord.gateway:Shard ID None has sent the IDENTIFY payload.
INFO:discord.gateway:Shard ID None has connected to Gateway: ["gateway-prd-main-69kt",{"micros":59266,"calls":["discord-sessions-prd-2-110",{"micros":57261,"calls":["start_session",{"micros":31847,"calls":["api-prd-main-83bd",{"micros":29000,"calls":["get_user",{"micros":2572},"add_authorized_ip",{"micros":1460},"get_guilds",{"micros":4001},"coros_wait",{"micros":0}]}]},"guilds_connect",{"micros":2,"calls":[]},"presence_connect",{"micros":18635,"calls":[]}]}]}] (Session ID: 2ee572e61a1faac8beccaf8ad1c98a74).
INFO:root:niceList successfully shown
INFO:root:SquidFish.#2762 sent autoNice to Oliver Sloth#6969
INFO:root:niceList successfully shown
INFO:discord.client:Got a request to RESUME the websocket.
INFO:discord.gateway:Shard ID None has sent the RESUME payload.
INFO:discord.gateway:Shard ID None has successfully RESUMED session 2ee572e61a1faac8beccaf8ad1c98a74 under trace ["gateway-prd-main-f7nd",{"micros":1139,"calls":["discord-sessions-prd-2-110",{"micros":14}]}].
INFO:root:autoNice setting successfully added
WARNING:discord.client:PyNaCl is not installed, voice will NOT be supported
INFO:discord.client:logging in using static token
INFO:discord.gateway:Shard ID None has sent the IDENTIFY payload.
INFO:discord.gateway:Shard ID None has connected to Gateway: ["gateway-prd-main-j5dn",{"micros":50539,"calls":["discord-sessions-prd-2-111",{"micros":48875,"calls":["start_session",{"micros":28992,"calls":["api-prd-main-9lqb",{"micros":26399,"calls":["get_user",{"micros":3058},"add_authorized_ip",{"micros":1602},"get_guilds",{"micros":3930},"coros_wait",{"micros":0}]}]},"guilds_connect",{"micros":1,"calls":[]},"presence_connect",{"micros":14256,"calls":[]}]}]}] (Session ID: 8ef4873d369cae03a8d7b4070d01998b).
INFO:root:autoNice setting successfully added
WARNING:discord.client:PyNaCl is not installed, voice will NOT be supported
INFO:discord.client:logging in using static token
INFO:discord.gateway:Shard ID None has sent the IDENTIFY payload.
INFO:discord.gateway:Shard ID None has connected to Gateway: ["gateway-prd-main-lg64",{"micros":97965,"calls":["discord-sessions-prd-2-37",{"micros":92148,"calls":["start_session",{"micros":71333,"calls":["api-prd-main-j5tg",{"micros":68240,"calls":["get_user",{"micros":5588},"add_authorized_ip",{"micros":10021},"get_guilds",{"micros":9970},"coros_wait",{"micros":1}]}]},"guilds_connect",{"micros":1,"calls":[]},"presence_connect",{"micros":14158,"calls":[]}]}]}] (Session ID: 1507dbe76133f42b8066bab413c09213).
INFO:root:autoNice setting successfully added
WARNING:discord.client:PyNaCl is not installed, voice will NOT be supported
INFO:discord.client:logging in using static token
INFO:discord.gateway:Shard ID None has sent the IDENTIFY payload.
INFO:discord.gateway:Shard ID None has connected to Gateway: ["gateway-prd-main-lbl5",{"micros":108671,"calls":["discord-sessions-prd-2-139",{"micros":105779,"calls":["start_session",{"micros":61978,"calls":["api-prd-main-9lqb",{"micros":53695,"calls":["get_user",{"micros":4051},"add_authorized_ip",{"micros":1818},"get_guilds",{"micros":5679},"coros_wait",{"micros":1}]}]},"guilds_connect",{"micros":1,"calls":[]},"presence_connect",{"micros":31510,"calls":[]}]}]}] (Session ID: e682c317c377bac64304769b71e23ba7).
INFO:root:niceList successfully shown
INFO:root:SquidFish.#2762 sent autoNice to O`Neil#6501
INFO:discord.client:Received signal to terminate bot and event loop.
INFO:discord.client:Cleaning up tasks.
INFO:discord.client:Cleaning up after 2 tasks.
INFO:discord.client:All tasks finished cancelling.
INFO:discord.client:Closing the event loop.
INFO:root:bot startup
WARNING:discord.client:PyNaCl is not installed, voice will NOT be supported
INFO:discord.client:logging in using static token
INFO:discord.gateway:Shard ID None has sent the IDENTIFY payload.
INFO:discord.gateway:Shard ID None has connected to Gateway: ["gateway-prd-main-kmjx",{"micros":69989,"calls":["discord-sessions-prd-2-28",{"micros":66780,"calls":["start_session",{"micros":42439,"calls":["api-prd-main-mqw7",{"micros":39771,"calls":["get_user",{"micros":2375},"add_authorized_ip",{"micros":2827},"get_guilds",{"micros":5799},"coros_wait",{"micros":0}]}]},"guilds_connect",{"micros":2,"calls":[]},"presence_connect",{"micros":13486,"calls":[]}]}]}] (Session ID: 152482bfd79b812d5dddb13ef7d51a83).
INFO:discord.client:Received signal to terminate bot and event loop.
INFO:discord.client:Cleaning up tasks.
INFO:discord.client:Cleaning up after 2 tasks.
INFO:discord.client:All tasks finished cancelling.
INFO:discord.client:Closing the event loop.
INFO:root:bot startup
WARNING:discord.client:PyNaCl is not installed, voice will NOT be supported
INFO:discord.client:logging in using static token
INFO:discord.gateway:Shard ID None has sent the IDENTIFY payload.
INFO:discord.gateway:Shard ID None has connected to Gateway: ["gateway-prd-main-vdgj",{"micros":39609,"calls":["discord-sessions-prd-2-118",{"micros":37894,"calls":["start_session",{"micros":32002,"calls":["api-prd-main-66st",{"micros":29489,"calls":["get_user",{"micros":2114},"add_authorized_ip",{"micros":1398},"get_guilds",{"micros":4260},"coros_wait",{"micros":1}]}]},"guilds_connect",{"micros":2,"calls":[]},"presence_connect",{"micros":3445,"calls":[]}]}]}] (Session ID: 674b7495cb8386e17a3a8bb1d9a98df7).
INFO:discord.client:Received signal to terminate bot and event loop.
INFO:discord.client:Cleaning up tasks.
INFO:discord.client:Cleaning up after 1 tasks.
INFO:discord.client:All tasks finished cancelling.
INFO:discord.client:Closing the event loop.
INFO:root:bot startup
WARNING:discord.client:PyNaCl is not installed, voice will NOT be supported
INFO:discord.client:logging in using static token
INFO:discord.gateway:Shard ID None has sent the IDENTIFY payload.
INFO:discord.gateway:Shard ID None has connected to Gateway: ["gateway-prd-main-bz6w",{"micros":86250,"calls":["discord-sessions-prd-2-40",{"micros":85258,"calls":["start_session",{"micros":49041,"calls":["api-prd-main-5pmt",{"micros":46170,"calls":["get_user",{"micros":10163},"add_authorized_ip",{"micros":4311},"get_guilds",{"micros":10228},"coros_wait",{"micros":1}]}]},"guilds_connect",{"micros":2,"calls":[]},"presence_connect",{"micros":14146,"calls":[]}]}]}] (Session ID: 001bc8769ed3a03f67908cc343c1363a).
INFO:root:niceList successfully shown
INFO:root:removed nice setting
WARNING:discord.client:PyNaCl is not installed, voice will NOT be supported
INFO:discord.client:logging in using static token
INFO:discord.gateway:Shard ID None has sent the IDENTIFY payload.
INFO:discord.gateway:Shard ID None has connected to Gateway: ["gateway-prd-main-swbt",{"micros":67052,"calls":["discord-sessions-prd-2-35",{"micros":61432,"calls":["start_session",{"micros":36041,"calls":["api-prd-main-tlk7",{"micros":32987,"calls":["get_user",{"micros":2651},"add_authorized_ip",{"micros":1463},"get_guilds",{"micros":3910},"coros_wait",{"micros":1}]}]},"guilds_connect",{"micros":1,"calls":[]},"presence_connect",{"micros":13240,"calls":[]}]}]}] (Session ID: 89fc0ac4208664e3bc472f57b752f10a).
INFO:root:removed nice setting
WARNING:discord.client:PyNaCl is not installed, voice will NOT be supported
INFO:discord.client:logging in using static token
INFO:discord.gateway:Shard ID None has sent the IDENTIFY payload.
INFO:discord.gateway:Shard ID None has connected to Gateway: ["gateway-prd-main-c00x",{"micros":95620,"calls":["discord-sessions-prd-2-132",{"micros":93351,"calls":["start_session",{"micros":59672,"calls":["api-prd-main-qtrl",{"micros":57198,"calls":["get_user",{"micros":5841},"add_authorized_ip",{"micros":2908},"get_guilds",{"micros":6886},"coros_wait",{"micros":1}]}]},"guilds_connect",{"micros":1,"calls":[]},"presence_connect",{"micros":9585,"calls":[]}]}]}] (Session ID: 3ae62aca0f94b435c78a74cafdf9c57a).
INFO:root:niceList successfully shown
INFO:discord.client:Got a request to RESUME the websocket.
INFO:discord.gateway:Shard ID None has sent the RESUME payload.
INFO:discord.gateway:Shard ID None has successfully RESUMED session 3ae62aca0f94b435c78a74cafdf9c57a under trace ["gateway-prd-main-swbt",{"micros":4485,"calls":["discord-sessions-prd-2-132",{"micros":18}]}].
INFO:discord.client:Got a request to RESUME the websocket.
INFO:discord.gateway:Shard ID None has sent the RESUME payload.
INFO:discord.gateway:Shard ID None has successfully RESUMED session 3ae62aca0f94b435c78a74cafdf9c57a under trace ["gateway-prd-main-6m3v",{"micros":2810,"calls":["discord-sessions-prd-2-132",{"micros":30}]}].
WARNING:discord.client:PyNaCl is not installed, voice will NOT be supported
INFO:discord.client:logging in using static token
INFO:discord.gateway:Shard ID None has sent the IDENTIFY payload.
INFO:discord.gateway:Shard ID None has connected to Gateway: ["gateway-prd-main-ftxh",{"micros":149912,"calls":["discord-sessions-prd-2-14",{"micros":147184,"calls":["start_session",{"micros":95700,"calls":["api-prd-main-cg33",{"micros":81918,"calls":["get_user",{"micros":9485},"add_authorized_ip",{"micros":13146},"get_guilds",{"micros":19120},"coros_wait",{"micros":0}]}]},"guilds_connect",{"micros":2,"calls":[]},"presence_connect",{"micros":2088,"calls":[]}]}]}] (Session ID: 983b3cdabfbe11b262ef78da1c9b1ed4).
INFO:discord.client:Got a request to RESUME the websocket.
INFO:discord.gateway:Shard ID None has sent the RESUME payload.
INFO:discord.gateway:Shard ID None has successfully RESUMED session 983b3cdabfbe11b262ef78da1c9b1ed4 under trace ["gateway-prd-main-wb85",{"micros":1560,"calls":["discord-sessions-prd-2-14",{"micros":15}]}].
INFO:root:SquidFish.#2762 sent autoNice to Oliver Sloth#6969
INFO:root:SquidFish.#2762 sent autoNice to matt.#0082
INFO:root:niceList successfully shown
INFO:root:niceList successfully shown
INFO:root:niceList successfully shown
INFO:root:removed nice setting
WARNING:discord.client:PyNaCl is not installed, voice will NOT be supported
INFO:discord.client:logging in using static token
INFO:discord.gateway:Shard ID None has sent the IDENTIFY payload.
INFO:discord.gateway:Shard ID None has connected to Gateway: ["gateway-prd-main-c455",{"micros":54494,"calls":["discord-sessions-prd-2-122",{"micros":53224,"calls":["start_session",{"micros":49567,"calls":["api-prd-main-9z3s",{"micros":46864,"calls":["get_user",{"micros":4348},"add_authorized_ip",{"micros":1398},"get_guilds",{"micros":14643},"coros_wait",{"micros":1}]}]},"guilds_connect",{"micros":2,"calls":[]},"presence_connect",{"micros":1674,"calls":[]}]}]}] (Session ID: 063e1c7299f633fd9448adc89496dbf7).
INFO:root:niceList successfully shown
INFO:root:niceList successfully shown
WARNING:root:invalid autoNice user parameter - a
INFO:discord.client:Got a request to RESUME the websocket.
INFO:discord.gateway:Shard ID None has sent the RESUME payload.
INFO:discord.gateway:Shard ID None has successfully RESUMED session 063e1c7299f633fd9448adc89496dbf7 under trace ["gateway-prd-main-7z8z",{"micros":2719,"calls":["discord-sessions-prd-2-122",{"micros":12}]}].
WARNING:discord.client:PyNaCl is not installed, voice will NOT be supported
INFO:discord.client:logging in using static token
INFO:discord.gateway:Shard ID None has sent the IDENTIFY payload.
INFO:discord.gateway:Shard ID None has connected to Gateway: ["gateway-prd-main-wz50",{"micros":94647,"calls":["discord-sessions-prd-2-27",{"micros":92507,"calls":["start_session",{"micros":69123,"calls":["api-prd-main-wfbf",{"micros":64376,"calls":["get_user",{"micros":8984},"add_authorized_ip",{"micros":2177},"get_guilds",{"micros":6321},"coros_wait",{"micros":2}]}]},"guilds_connect",{"micros":2,"calls":[]},"presence_connect",{"micros":15297,"calls":[]}]}]}] (Session ID: c38abd7e44c0ff908f5e57ea0616a0a3).
INFO:root:SquidFish.#2762 sent autoNice to Oliver Sloth#6969
INFO:root:SquidFish.#2762 sent autoNice to matt.#0082
INFO:root:SquidFish.#2762 sent autoNice to Oliver Sloth#6969
INFO:root:SquidFish.#2762 sent autoNice to matt.#0082
INFO:discord.client:Got a request to RESUME the websocket.
INFO:discord.gateway:Shard ID None has sent the RESUME payload.
INFO:discord.gateway:Shard ID None has successfully RESUMED session c38abd7e44c0ff908f5e57ea0616a0a3 under trace ["gateway-prd-main-msv4",{"micros":822,"calls":["discord-sessions-prd-2-27",{"micros":17}]}].
INFO:root:SquidFish.#2762 sent autoNice to Oliver Sloth#6969
INFO:root:SquidFish.#2762 sent autoNice to matt.#0082
INFO:discord.client:Got a request to RESUME the websocket.
INFO:discord.gateway:Shard ID None has sent the RESUME payload.
INFO:discord.gateway:Shard ID None has successfully RESUMED session c38abd7e44c0ff908f5e57ea0616a0a3 under trace ["gateway-prd-main-pwhw",{"micros":947,"calls":["discord-sessions-prd-2-27",{"micros":29}]}].
INFO:root:SquidFish.#2762 sent autoNice to Oliver Sloth#6969
INFO:root:SquidFish.#2762 sent autoNice to matt.#0082
INFO:discord.client:Got a request to RESUME the websocket.
INFO:discord.gateway:Shard ID None has sent the RESUME payload.
INFO:discord.gateway:Shard ID None has successfully RESUMED session c38abd7e44c0ff908f5e57ea0616a0a3 under trace ["gateway-prd-main-r0mw",{"micros":17535,"calls":["discord-sessions-prd-2-27",{"micros":16}]}].
INFO:discord.client:Got a request to RESUME the websocket.
INFO:discord.gateway:Shard ID None has sent the RESUME payload.
INFO:discord.gateway:Shard ID None has successfully RESUMED session c38abd7e44c0ff908f5e57ea0616a0a3 under trace ["gateway-prd-main-lbl5",{"micros":4691,"calls":["discord-sessions-prd-2-27",{"micros":13}]}].
INFO:discord.client:Received signal to terminate bot and event loop.
INFO:discord.client:Cleaning up tasks.
INFO:discord.client:Cleaning up after 2 tasks.
INFO:discord.client:All tasks finished cancelling.
INFO:discord.client:Closing the event loop.
INFO:root:bot startup
WARNING:discord.client:PyNaCl is not installed, voice will NOT be supported
INFO:discord.client:logging in using static token
INFO:discord.gateway:Shard ID None has sent the IDENTIFY payload.
INFO:discord.gateway:Shard ID None has connected to Gateway: ["gateway-prd-main-swbt",{"micros":44843,"calls":["discord-sessions-prd-2-147",{"micros":43227,"calls":["start_session",{"micros":34272,"calls":["api-prd-main-h2t6",{"micros":31839,"calls":["get_user",{"micros":2338},"add_authorized_ip",{"micros":1428},"get_guilds",{"micros":5968},"coros_wait",{"micros":1}]}]},"guilds_connect",{"micros":1,"calls":[]},"presence_connect",{"micros":946,"calls":[]}]}]}] (Session ID: b5fca860a773f4f185f1d356d5998e90).
INFO:root:SquidFish.#2762 sent autoNice to Oliver Sloth#6969
INFO:root:SquidFish.#2762 sent autoNice to matt.#0082
INFO:discord.client:Got a request to RESUME the websocket.
INFO:discord.gateway:Shard ID None has sent the RESUME payload.
INFO:discord.gateway:Shard ID None has successfully RESUMED session b5fca860a773f4f185f1d356d5998e90 under trace ["gateway-prd-main-lrmx",{"micros":6597,"calls":["discord-sessions-prd-2-147",{"micros":14}]}].
INFO:discord.client:Got a request to RESUME the websocket.
INFO:discord.gateway:Shard ID None has sent the RESUME payload.
INFO:discord.gateway:Shard ID None has successfully RESUMED session b5fca860a773f4f185f1d356d5998e90 under trace ["gateway-prd-main-gbmp",{"micros":7565,"calls":["discord-sessions-prd-2-147",{"micros":11}]}].
INFO:discord.gateway:Websocket closed with 1006, attempting a reconnect.
INFO:discord.client:Got a request to RESUME the websocket.
INFO:discord.gateway:Shard ID None has sent the RESUME payload.
INFO:discord.gateway:Shard ID None has successfully RESUMED session b5fca860a773f4f185f1d356d5998e90 under trace ["gateway-prd-main-qfvk",{"micros":2993,"calls":["discord-sessions-prd-2-147",{"micros":13}]}].
INFO:root:SquidFish.#2762 sent autoNice to Oliver Sloth#6969
INFO:root:SquidFish.#2762 sent autoNice to matt.#0082
INFO:discord.client:Got a request to RESUME the websocket.
INFO:discord.gateway:Shard ID None has sent the RESUME payload.
INFO:discord.gateway:Shard ID None has successfully RESUMED session b5fca860a773f4f185f1d356d5998e90 under trace ["gateway-prd-main-pwhw",{"micros":9998,"calls":["discord-sessions-prd-2-147",{"micros":16}]}].
INFO:root:SquidFish.#2762 sent autoNice to Oliver Sloth#6969
INFO:root:SquidFish.#2762 sent autoNice to matt.#0082
INFO:discord.client:Got a request to RESUME the websocket.
INFO:discord.gateway:Shard ID None has sent the RESUME payload.
INFO:discord.gateway:Shard ID None has successfully RESUMED session b5fca860a773f4f185f1d356d5998e90 under trace ["gateway-prd-main-f05v",{"micros":1160,"calls":["discord-sessions-prd-2-147",{"micros":13}]}].
INFO:root:SquidFish.#2762 sent autoNice to Oliver Sloth#6969
INFO:root:SquidFish.#2762 sent autoNice to matt.#0082
